<?xml version="1.0" encoding="UTF-8"?>
<robot generator="Robot 6.1.1 (Python 3.8.0 on win32)" generated="20241121 14:45:00.855" rpa="false" schemaversion="4">
<suite id="s1" name="Browserstck" source="C:\Users\AnandVinayagamurthi\Downloads\python_Tasks_100\Listarrdic\Robot\Testcases\browserstock\browserstck.robot">
<test id="s1-t1" name="tc01" line="94">
<kw name="launch browserstock and capture page element and pick the automate and test">
<kw name="Open Browser" library="SeleniumLibrary">
<arg>${url}</arg>
<arg>${browser}</arg>
<doc>Opens a new browser instance to the optional ``url``.</doc>
<msg timestamp="20241121 14:45:01.167" level="INFO">Opening browser 'chrome' to base url 'https://www.browserstack.com/'.</msg>
<status status="PASS" starttime="20241121 14:45:01.167" endtime="20241121 14:45:04.416"/>
</kw>
<kw name="Maximize Browser Window" library="SeleniumLibrary">
<doc>Maximizes current browser window.</doc>
<status status="PASS" starttime="20241121 14:45:04.416" endtime="20241121 14:45:04.470"/>
</kw>
<kw name="Wait Until Page Contains Element" library="SeleniumLibrary">
<arg>${product_tab_btn}</arg>
<doc>Waits until the element ``locator`` appears on the current page.</doc>
<status status="PASS" starttime="20241121 14:45:04.470" endtime="20241121 14:45:04.533"/>
</kw>
<kw name="Mouse Over" library="SeleniumLibrary">
<arg>${product_tab_btn}</arg>
<doc>Simulates hovering the mouse over the element ``locator``.</doc>
<msg timestamp="20241121 14:45:04.533" level="INFO">Simulating Mouse Over on element '//button[@id="products-dd-toggle"]'.</msg>
<status status="PASS" starttime="20241121 14:45:04.533" endtime="20241121 14:45:05.091"/>
</kw>
<kw name="Take Screenshot" library="Screenshot">
<doc>Takes a screenshot in JPEG format and embeds it into the log file.</doc>
<msg timestamp="20241121 14:45:05.185" level="INFO" html="true">&lt;a href="screenshot_16.jpg"&gt;&lt;img src="screenshot_16.jpg" width="800px"&gt;&lt;/a&gt;</msg>
<status status="PASS" starttime="20241121 14:45:05.091" endtime="20241121 14:45:05.185"/>
</kw>
<kw name="web testing">
<kw name="Create List" library="BuiltIn">
<var>${web_text}</var>
<arg>Test</arg>
<arg>Automate</arg>
<doc>Returns a list containing given items.</doc>
<msg timestamp="20241121 14:45:05.185" level="INFO">${web_text} = ['Test', 'Automate']</msg>
<status status="PASS" starttime="20241121 14:45:05.185" endtime="20241121 14:45:05.185"/>
</kw>
<kw name="Create List" library="BuiltIn">
<var>${web_output_list}</var>
<doc>Returns a list containing given items.</doc>
<msg timestamp="20241121 14:45:05.189" level="INFO">${web_output_list} = []</msg>
<status status="PASS" starttime="20241121 14:45:05.189" endtime="20241121 14:45:05.189"/>
</kw>
<kw name="Create List" library="BuiltIn">
<var>${attr_list}</var>
<doc>Returns a list containing given items.</doc>
<msg timestamp="20241121 14:45:05.189" level="INFO">${attr_list} = []</msg>
<status status="PASS" starttime="20241121 14:45:05.189" endtime="20241121 14:45:05.189"/>
</kw>
<kw name="Create Dictionary" library="BuiltIn">
<var>&amp;{result_dict}</var>
<doc>Creates and returns a dictionary based on the given ``items``.</doc>
<msg timestamp="20241121 14:45:05.189" level="INFO">&amp;{result_dict} = { }</msg>
<status status="PASS" starttime="20241121 14:45:05.189" endtime="20241121 14:45:05.189"/>
</kw>
<kw name="Create Dictionary" library="BuiltIn">
<var>${web_dict}</var>
<doc>Creates and returns a dictionary based on the given ``items``.</doc>
<msg timestamp="20241121 14:45:05.189" level="INFO">${web_dict} = {}</msg>
<status status="PASS" starttime="20241121 14:45:05.189" endtime="20241121 14:45:05.189"/>
</kw>
<kw name="Set To Dictionary" library="Collections">
<arg>${result_dict}</arg>
<arg>web_testing=${web_dict}</arg>
<doc>Adds the given ``key_value_pairs`` and/or ``items`` to the ``dictionary``.</doc>
<status status="PASS" starttime="20241121 14:45:05.189" endtime="20241121 14:45:05.191"/>
</kw>
<for flavor="IN">
<var>${element}</var>
<value>@{web_text}</value>
<iter>
<var name="${element}">Test</var>
<kw name="Format String" library="String">
<var>${formated_text}</var>
<arg>${template_web}</arg>
<arg>name=${element}</arg>
<doc>Formats a ``template`` using the given ``positional`` and ``named`` arguments.</doc>
<msg timestamp="20241121 14:45:05.191" level="INFO">${formated_text} = //div[@id="products-dd-tabpanel-1-inner-1"]//a[contains(@aria-label,"Test")]//span</msg>
<status status="PASS" starttime="20241121 14:45:05.191" endtime="20241121 14:45:05.191"/>
</kw>
<kw name="Get Element Count" library="SeleniumLibrary">
<var>${count}</var>
<arg>${formated_text}</arg>
<doc>Returns the number of elements matching ``locator``.</doc>
<msg timestamp="20241121 14:45:05.218" level="INFO">${count} = 3</msg>
<status status="PASS" starttime="20241121 14:45:05.191" endtime="20241121 14:45:05.218"/>
</kw>
<for flavor="IN RANGE">
<var>${counter}</var>
<value>1</value>
<value>${count}+1</value>
<iter>
<var name="${counter}">1</var>
<kw name="Format String" library="String">
<var>${title_xpath}</var>
<arg>${title_name}</arg>
<arg>name=${element}</arg>
<doc>Formats a ``template`` using the given ``positional`` and ``named`` arguments.</doc>
<msg timestamp="20241121 14:45:05.218" level="INFO">${title_xpath} = //div[@id="products-dd-tabpanel-1-inner-1"]//a[contains(@aria-label,"Test")]/parent::div/parent::div/div[contains(@class,"bstack-mm-sub-nav-tabpanel-heading ")]/span</msg>
<status status="PASS" starttime="20241121 14:45:05.218" endtime="20241121 14:45:05.218"/>
</kw>
<kw name="Get Text" library="SeleniumLibrary">
<var>${title_value}</var>
<arg>${title_xpath}</arg>
<doc>Returns the text value of the element identified by ``locator``.</doc>
<msg timestamp="20241121 14:45:05.257" level="INFO">${title_value} = Manual Testing</msg>
<status status="PASS" starttime="20241121 14:45:05.218" endtime="20241121 14:45:05.257"/>
</kw>
<kw name="Log" library="BuiltIn">
<arg>title ${title_value}</arg>
<doc>Logs the given message with the given level.</doc>
<msg timestamp="20241121 14:45:05.257" level="INFO">title Manual Testing</msg>
<status status="PASS" starttime="20241121 14:45:05.257" endtime="20241121 14:45:05.257"/>
</kw>
<kw name="Format String" library="String">
<var>${formated_text_individual}</var>
<arg>${template_web_individual}</arg>
<arg>name=${element}</arg>
<arg>count=${counter}</arg>
<doc>Formats a ``template`` using the given ``positional`` and ``named`` arguments.</doc>
<msg timestamp="20241121 14:45:05.261" level="INFO">${formated_text_individual} = (//div[@id="products-dd-tabpanel-1-inner-1"]//a[contains(@aria-label,"Test")]//span)[1]</msg>
<status status="PASS" starttime="20241121 14:45:05.257" endtime="20241121 14:45:05.261"/>
</kw>
<kw name="Get Element Attribute" library="SeleniumLibrary">
<var>${innerText}</var>
<arg>${formated_text_individual}</arg>
<arg>innerText</arg>
<doc>Returns the value of ``attribute`` from the element ``locator``.</doc>
<msg timestamp="20241121 14:45:05.304" level="INFO">${innerText} = Accessibility Testing</msg>
<status status="PASS" starttime="20241121 14:45:05.261" endtime="20241121 14:45:05.304"/>
</kw>
<kw name="Log" library="BuiltIn">
<arg>text :${innerText}</arg>
<doc>Logs the given message with the given level.</doc>
<msg timestamp="20241121 14:45:05.304" level="INFO">text :Accessibility Testing</msg>
<status status="PASS" starttime="20241121 14:45:05.304" endtime="20241121 14:45:05.304"/>
</kw>
<kw name="Append To List" library="Collections">
<arg>${web_output_list}</arg>
<arg>${innerText}</arg>
<doc>Adds ``values`` to the end of ``list``.</doc>
<status status="PASS" starttime="20241121 14:45:05.304" endtime="20241121 14:45:05.304"/>
</kw>
<if>
<branch type="IF" condition="$title_value in ${result_dict['web_testing']}">
<kw name="Get From Dictionary" library="Collections">
<var>${results_list}</var>
<arg>${result_dict['web_testing']}</arg>
<arg>${title_value}</arg>
<doc>Returns a value from the given ``dictionary`` based on the given ``key``.</doc>
<status status="NOT RUN" starttime="20241121 14:45:05.321" endtime="20241121 14:45:05.321"/>
</kw>
<kw name="Append To List" library="Collections">
<arg>${results_list}</arg>
<arg>${innerText}</arg>
<doc>Adds ``values`` to the end of ``list``.</doc>
<status status="NOT RUN" starttime="20241121 14:45:05.322" endtime="20241121 14:45:05.322"/>
</kw>
<kw name="Set To Dictionary" library="Collections">
<arg>${result_dict['web_testing']}</arg>
<arg>${title_value}=${results_list}</arg>
<doc>Adds the given ``key_value_pairs`` and/or ``items`` to the ``dictionary``.</doc>
<status status="NOT RUN" starttime="20241121 14:45:05.322" endtime="20241121 14:45:05.322"/>
</kw>
<status status="NOT RUN" starttime="20241121 14:45:05.304" endtime="20241121 14:45:05.322"/>
</branch>
<branch type="ELSE">
<kw name="Create List" library="BuiltIn">
<var>${results_list}</var>
<doc>Returns a list containing given items.</doc>
<msg timestamp="20241121 14:45:05.322" level="INFO">${results_list} = []</msg>
<status status="PASS" starttime="20241121 14:45:05.322" endtime="20241121 14:45:05.322"/>
</kw>
<kw name="Append To List" library="Collections">
<arg>${results_list}</arg>
<arg>${innerText}</arg>
<doc>Adds ``values`` to the end of ``list``.</doc>
<status status="PASS" starttime="20241121 14:45:05.322" endtime="20241121 14:45:05.323"/>
</kw>
<kw name="Set To Dictionary" library="Collections">
<arg>${result_dict['web_testing']}</arg>
<arg>${title_value}=${results_list}</arg>
<doc>Adds the given ``key_value_pairs`` and/or ``items`` to the ``dictionary``.</doc>
<status status="PASS" starttime="20241121 14:45:05.323" endtime="20241121 14:45:05.323"/>
</kw>
<status status="PASS" starttime="20241121 14:45:05.322" endtime="20241121 14:45:05.323"/>
</branch>
<status status="PASS" starttime="20241121 14:45:05.304" endtime="20241121 14:45:05.323"/>
</if>
<status status="PASS" starttime="20241121 14:45:05.218" endtime="20241121 14:45:05.323"/>
</iter>
<iter>
<var name="${counter}">2</var>
<kw name="Format String" library="String">
<var>${title_xpath}</var>
<arg>${title_name}</arg>
<arg>name=${element}</arg>
<doc>Formats a ``template`` using the given ``positional`` and ``named`` arguments.</doc>
<msg timestamp="20241121 14:45:05.323" level="INFO">${title_xpath} = //div[@id="products-dd-tabpanel-1-inner-1"]//a[contains(@aria-label,"Test")]/parent::div/parent::div/div[contains(@class,"bstack-mm-sub-nav-tabpanel-heading ")]/span</msg>
<status status="PASS" starttime="20241121 14:45:05.323" endtime="20241121 14:45:05.323"/>
</kw>
<kw name="Get Text" library="SeleniumLibrary">
<var>${title_value}</var>
<arg>${title_xpath}</arg>
<doc>Returns the text value of the element identified by ``locator``.</doc>
<msg timestamp="20241121 14:45:05.353" level="INFO">${title_value} = Manual Testing</msg>
<status status="PASS" starttime="20241121 14:45:05.323" endtime="20241121 14:45:05.353"/>
</kw>
<kw name="Log" library="BuiltIn">
<arg>title ${title_value}</arg>
<doc>Logs the given message with the given level.</doc>
<msg timestamp="20241121 14:45:05.353" level="INFO">title Manual Testing</msg>
<status status="PASS" starttime="20241121 14:45:05.353" endtime="20241121 14:45:05.353"/>
</kw>
<kw name="Format String" library="String">
<var>${formated_text_individual}</var>
<arg>${template_web_individual}</arg>
<arg>name=${element}</arg>
<arg>count=${counter}</arg>
<doc>Formats a ``template`` using the given ``positional`` and ``named`` arguments.</doc>
<msg timestamp="20241121 14:45:05.353" level="INFO">${formated_text_individual} = (//div[@id="products-dd-tabpanel-1-inner-1"]//a[contains(@aria-label,"Test")]//span)[2]</msg>
<status status="PASS" starttime="20241121 14:45:05.353" endtime="20241121 14:45:05.356"/>
</kw>
<kw name="Get Element Attribute" library="SeleniumLibrary">
<var>${innerText}</var>
<arg>${formated_text_individual}</arg>
<arg>innerText</arg>
<doc>Returns the value of ``attribute`` from the element ``locator``.</doc>
<msg timestamp="20241121 14:45:05.389" level="INFO">${innerText} = Test Management</msg>
<status status="PASS" starttime="20241121 14:45:05.356" endtime="20241121 14:45:05.389"/>
</kw>
<kw name="Log" library="BuiltIn">
<arg>text :${innerText}</arg>
<doc>Logs the given message with the given level.</doc>
<msg timestamp="20241121 14:45:05.389" level="INFO">text :Test Management</msg>
<status status="PASS" starttime="20241121 14:45:05.389" endtime="20241121 14:45:05.389"/>
</kw>
<kw name="Append To List" library="Collections">
<arg>${web_output_list}</arg>
<arg>${innerText}</arg>
<doc>Adds ``values`` to the end of ``list``.</doc>
<status status="PASS" starttime="20241121 14:45:05.389" endtime="20241121 14:45:05.389"/>
</kw>
<if>
<branch type="IF" condition="$title_value in ${result_dict['web_testing']}">
<kw name="Get From Dictionary" library="Collections">
<var>${results_list}</var>
<arg>${result_dict['web_testing']}</arg>
<arg>${title_value}</arg>
<doc>Returns a value from the given ``dictionary`` based on the given ``key``.</doc>
<msg timestamp="20241121 14:45:05.389" level="INFO">${results_list} = ['Accessibility Testing']</msg>
<status status="PASS" starttime="20241121 14:45:05.389" endtime="20241121 14:45:05.389"/>
</kw>
<kw name="Append To List" library="Collections">
<arg>${results_list}</arg>
<arg>${innerText}</arg>
<doc>Adds ``values`` to the end of ``list``.</doc>
<status status="PASS" starttime="20241121 14:45:05.389" endtime="20241121 14:45:05.389"/>
</kw>
<kw name="Set To Dictionary" library="Collections">
<arg>${result_dict['web_testing']}</arg>
<arg>${title_value}=${results_list}</arg>
<doc>Adds the given ``key_value_pairs`` and/or ``items`` to the ``dictionary``.</doc>
<status status="PASS" starttime="20241121 14:45:05.389" endtime="20241121 14:45:05.389"/>
</kw>
<status status="PASS" starttime="20241121 14:45:05.389" endtime="20241121 14:45:05.389"/>
</branch>
<branch type="ELSE">
<kw name="Create List" library="BuiltIn">
<var>${results_list}</var>
<doc>Returns a list containing given items.</doc>
<status status="NOT RUN" starttime="20241121 14:45:05.389" endtime="20241121 14:45:05.389"/>
</kw>
<kw name="Append To List" library="Collections">
<arg>${results_list}</arg>
<arg>${innerText}</arg>
<doc>Adds ``values`` to the end of ``list``.</doc>
<status status="NOT RUN" starttime="20241121 14:45:05.389" endtime="20241121 14:45:05.389"/>
</kw>
<kw name="Set To Dictionary" library="Collections">
<arg>${result_dict['web_testing']}</arg>
<arg>${title_value}=${results_list}</arg>
<doc>Adds the given ``key_value_pairs`` and/or ``items`` to the ``dictionary``.</doc>
<status status="NOT RUN" starttime="20241121 14:45:05.389" endtime="20241121 14:45:05.389"/>
</kw>
<status status="NOT RUN" starttime="20241121 14:45:05.389" endtime="20241121 14:45:05.389"/>
</branch>
<status status="PASS" starttime="20241121 14:45:05.389" endtime="20241121 14:45:05.389"/>
</if>
<status status="PASS" starttime="20241121 14:45:05.323" endtime="20241121 14:45:05.389"/>
</iter>
<iter>
<var name="${counter}">3</var>
<kw name="Format String" library="String">
<var>${title_xpath}</var>
<arg>${title_name}</arg>
<arg>name=${element}</arg>
<doc>Formats a ``template`` using the given ``positional`` and ``named`` arguments.</doc>
<msg timestamp="20241121 14:45:05.389" level="INFO">${title_xpath} = //div[@id="products-dd-tabpanel-1-inner-1"]//a[contains(@aria-label,"Test")]/parent::div/parent::div/div[contains(@class,"bstack-mm-sub-nav-tabpanel-heading ")]/span</msg>
<status status="PASS" starttime="20241121 14:45:05.389" endtime="20241121 14:45:05.389"/>
</kw>
<kw name="Get Text" library="SeleniumLibrary">
<var>${title_value}</var>
<arg>${title_xpath}</arg>
<doc>Returns the text value of the element identified by ``locator``.</doc>
<msg timestamp="20241121 14:45:05.423" level="INFO">${title_value} = Manual Testing</msg>
<status status="PASS" starttime="20241121 14:45:05.389" endtime="20241121 14:45:05.423"/>
</kw>
<kw name="Log" library="BuiltIn">
<arg>title ${title_value}</arg>
<doc>Logs the given message with the given level.</doc>
<msg timestamp="20241121 14:45:05.423" level="INFO">title Manual Testing</msg>
<status status="PASS" starttime="20241121 14:45:05.423" endtime="20241121 14:45:05.423"/>
</kw>
<kw name="Format String" library="String">
<var>${formated_text_individual}</var>
<arg>${template_web_individual}</arg>
<arg>name=${element}</arg>
<arg>count=${counter}</arg>
<doc>Formats a ``template`` using the given ``positional`` and ``named`` arguments.</doc>
<msg timestamp="20241121 14:45:05.423" level="INFO">${formated_text_individual} = (//div[@id="products-dd-tabpanel-1-inner-1"]//a[contains(@aria-label,"Test")]//span)[3]</msg>
<status status="PASS" starttime="20241121 14:45:05.423" endtime="20241121 14:45:05.423"/>
</kw>
<kw name="Get Element Attribute" library="SeleniumLibrary">
<var>${innerText}</var>
<arg>${formated_text_individual}</arg>
<arg>innerText</arg>
<doc>Returns the value of ``attribute`` from the element ``locator``.</doc>
<msg timestamp="20241121 14:45:05.456" level="INFO">${innerText} = Test Observability</msg>
<status status="PASS" starttime="20241121 14:45:05.423" endtime="20241121 14:45:05.456"/>
</kw>
<kw name="Log" library="BuiltIn">
<arg>text :${innerText}</arg>
<doc>Logs the given message with the given level.</doc>
<msg timestamp="20241121 14:45:05.456" level="INFO">text :Test Observability</msg>
<status status="PASS" starttime="20241121 14:45:05.456" endtime="20241121 14:45:05.456"/>
</kw>
<kw name="Append To List" library="Collections">
<arg>${web_output_list}</arg>
<arg>${innerText}</arg>
<doc>Adds ``values`` to the end of ``list``.</doc>
<status status="PASS" starttime="20241121 14:45:05.456" endtime="20241121 14:45:05.456"/>
</kw>
<if>
<branch type="IF" condition="$title_value in ${result_dict['web_testing']}">
<kw name="Get From Dictionary" library="Collections">
<var>${results_list}</var>
<arg>${result_dict['web_testing']}</arg>
<arg>${title_value}</arg>
<doc>Returns a value from the given ``dictionary`` based on the given ``key``.</doc>
<msg timestamp="20241121 14:45:05.456" level="INFO">${results_list} = ['Accessibility Testing', 'Test Management']</msg>
<status status="PASS" starttime="20241121 14:45:05.456" endtime="20241121 14:45:05.456"/>
</kw>
<kw name="Append To List" library="Collections">
<arg>${results_list}</arg>
<arg>${innerText}</arg>
<doc>Adds ``values`` to the end of ``list``.</doc>
<status status="PASS" starttime="20241121 14:45:05.456" endtime="20241121 14:45:05.456"/>
</kw>
<kw name="Set To Dictionary" library="Collections">
<arg>${result_dict['web_testing']}</arg>
<arg>${title_value}=${results_list}</arg>
<doc>Adds the given ``key_value_pairs`` and/or ``items`` to the ``dictionary``.</doc>
<status status="PASS" starttime="20241121 14:45:05.456" endtime="20241121 14:45:05.456"/>
</kw>
<status status="PASS" starttime="20241121 14:45:05.456" endtime="20241121 14:45:05.456"/>
</branch>
<branch type="ELSE">
<kw name="Create List" library="BuiltIn">
<var>${results_list}</var>
<doc>Returns a list containing given items.</doc>
<status status="NOT RUN" starttime="20241121 14:45:05.456" endtime="20241121 14:45:05.456"/>
</kw>
<kw name="Append To List" library="Collections">
<arg>${results_list}</arg>
<arg>${innerText}</arg>
<doc>Adds ``values`` to the end of ``list``.</doc>
<status status="NOT RUN" starttime="20241121 14:45:05.456" endtime="20241121 14:45:05.456"/>
</kw>
<kw name="Set To Dictionary" library="Collections">
<arg>${result_dict['web_testing']}</arg>
<arg>${title_value}=${results_list}</arg>
<doc>Adds the given ``key_value_pairs`` and/or ``items`` to the ``dictionary``.</doc>
<status status="NOT RUN" starttime="20241121 14:45:05.456" endtime="20241121 14:45:05.456"/>
</kw>
<status status="NOT RUN" starttime="20241121 14:45:05.456" endtime="20241121 14:45:05.456"/>
</branch>
<status status="PASS" starttime="20241121 14:45:05.456" endtime="20241121 14:45:05.456"/>
</if>
<status status="PASS" starttime="20241121 14:45:05.389" endtime="20241121 14:45:05.464"/>
</iter>
<status status="PASS" starttime="20241121 14:45:05.218" endtime="20241121 14:45:05.464"/>
</for>
<status status="PASS" starttime="20241121 14:45:05.191" endtime="20241121 14:45:05.464"/>
</iter>
<iter>
<var name="${element}">Automate</var>
<kw name="Format String" library="String">
<var>${formated_text}</var>
<arg>${template_web}</arg>
<arg>name=${element}</arg>
<doc>Formats a ``template`` using the given ``positional`` and ``named`` arguments.</doc>
<msg timestamp="20241121 14:45:05.464" level="INFO">${formated_text} = //div[@id="products-dd-tabpanel-1-inner-1"]//a[contains(@aria-label,"Automate")]//span</msg>
<status status="PASS" starttime="20241121 14:45:05.464" endtime="20241121 14:45:05.464"/>
</kw>
<kw name="Get Element Count" library="SeleniumLibrary">
<var>${count}</var>
<arg>${formated_text}</arg>
<doc>Returns the number of elements matching ``locator``.</doc>
<msg timestamp="20241121 14:45:05.483" level="INFO">${count} = 2</msg>
<status status="PASS" starttime="20241121 14:45:05.464" endtime="20241121 14:45:05.483"/>
</kw>
<for flavor="IN RANGE">
<var>${counter}</var>
<value>1</value>
<value>${count}+1</value>
<iter>
<var name="${counter}">1</var>
<kw name="Format String" library="String">
<var>${title_xpath}</var>
<arg>${title_name}</arg>
<arg>name=${element}</arg>
<doc>Formats a ``template`` using the given ``positional`` and ``named`` arguments.</doc>
<msg timestamp="20241121 14:45:05.483" level="INFO">${title_xpath} = //div[@id="products-dd-tabpanel-1-inner-1"]//a[contains(@aria-label,"Automate")]/parent::div/parent::div/div[contains(@class,"bstack-mm-sub-nav-tabpanel-heading ")]/span</msg>
<status status="PASS" starttime="20241121 14:45:05.483" endtime="20241121 14:45:05.483"/>
</kw>
<kw name="Get Text" library="SeleniumLibrary">
<var>${title_value}</var>
<arg>${title_xpath}</arg>
<doc>Returns the text value of the element identified by ``locator``.</doc>
<msg timestamp="20241121 14:45:05.517" level="INFO">${title_value} = Test Automation</msg>
<status status="PASS" starttime="20241121 14:45:05.483" endtime="20241121 14:45:05.517"/>
</kw>
<kw name="Log" library="BuiltIn">
<arg>title ${title_value}</arg>
<doc>Logs the given message with the given level.</doc>
<msg timestamp="20241121 14:45:05.517" level="INFO">title Test Automation</msg>
<status status="PASS" starttime="20241121 14:45:05.517" endtime="20241121 14:45:05.517"/>
</kw>
<kw name="Format String" library="String">
<var>${formated_text_individual}</var>
<arg>${template_web_individual}</arg>
<arg>name=${element}</arg>
<arg>count=${counter}</arg>
<doc>Formats a ``template`` using the given ``positional`` and ``named`` arguments.</doc>
<msg timestamp="20241121 14:45:05.517" level="INFO">${formated_text_individual} = (//div[@id="products-dd-tabpanel-1-inner-1"]//a[contains(@aria-label,"Automate")]//span)[1]</msg>
<status status="PASS" starttime="20241121 14:45:05.517" endtime="20241121 14:45:05.517"/>
</kw>
<kw name="Get Element Attribute" library="SeleniumLibrary">
<var>${innerText}</var>
<arg>${formated_text_individual}</arg>
<arg>innerText</arg>
<doc>Returns the value of ``attribute`` from the element ``locator``.</doc>
<msg timestamp="20241121 14:45:05.550" level="INFO">${innerText} = Automate</msg>
<status status="PASS" starttime="20241121 14:45:05.517" endtime="20241121 14:45:05.550"/>
</kw>
<kw name="Log" library="BuiltIn">
<arg>text :${innerText}</arg>
<doc>Logs the given message with the given level.</doc>
<msg timestamp="20241121 14:45:05.550" level="INFO">text :Automate</msg>
<status status="PASS" starttime="20241121 14:45:05.550" endtime="20241121 14:45:05.550"/>
</kw>
<kw name="Append To List" library="Collections">
<arg>${web_output_list}</arg>
<arg>${innerText}</arg>
<doc>Adds ``values`` to the end of ``list``.</doc>
<status status="PASS" starttime="20241121 14:45:05.550" endtime="20241121 14:45:05.550"/>
</kw>
<if>
<branch type="IF" condition="$title_value in ${result_dict['web_testing']}">
<kw name="Get From Dictionary" library="Collections">
<var>${results_list}</var>
<arg>${result_dict['web_testing']}</arg>
<arg>${title_value}</arg>
<doc>Returns a value from the given ``dictionary`` based on the given ``key``.</doc>
<status status="NOT RUN" starttime="20241121 14:45:05.550" endtime="20241121 14:45:05.550"/>
</kw>
<kw name="Append To List" library="Collections">
<arg>${results_list}</arg>
<arg>${innerText}</arg>
<doc>Adds ``values`` to the end of ``list``.</doc>
<status status="NOT RUN" starttime="20241121 14:45:05.550" endtime="20241121 14:45:05.550"/>
</kw>
<kw name="Set To Dictionary" library="Collections">
<arg>${result_dict['web_testing']}</arg>
<arg>${title_value}=${results_list}</arg>
<doc>Adds the given ``key_value_pairs`` and/or ``items`` to the ``dictionary``.</doc>
<status status="NOT RUN" starttime="20241121 14:45:05.550" endtime="20241121 14:45:05.550"/>
</kw>
<status status="NOT RUN" starttime="20241121 14:45:05.550" endtime="20241121 14:45:05.550"/>
</branch>
<branch type="ELSE">
<kw name="Create List" library="BuiltIn">
<var>${results_list}</var>
<doc>Returns a list containing given items.</doc>
<msg timestamp="20241121 14:45:05.550" level="INFO">${results_list} = []</msg>
<status status="PASS" starttime="20241121 14:45:05.550" endtime="20241121 14:45:05.550"/>
</kw>
<kw name="Append To List" library="Collections">
<arg>${results_list}</arg>
<arg>${innerText}</arg>
<doc>Adds ``values`` to the end of ``list``.</doc>
<status status="PASS" starttime="20241121 14:45:05.550" endtime="20241121 14:45:05.550"/>
</kw>
<kw name="Set To Dictionary" library="Collections">
<arg>${result_dict['web_testing']}</arg>
<arg>${title_value}=${results_list}</arg>
<doc>Adds the given ``key_value_pairs`` and/or ``items`` to the ``dictionary``.</doc>
<status status="PASS" starttime="20241121 14:45:05.550" endtime="20241121 14:45:05.550"/>
</kw>
<status status="PASS" starttime="20241121 14:45:05.550" endtime="20241121 14:45:05.550"/>
</branch>
<status status="PASS" starttime="20241121 14:45:05.550" endtime="20241121 14:45:05.550"/>
</if>
<status status="PASS" starttime="20241121 14:45:05.483" endtime="20241121 14:45:05.550"/>
</iter>
<iter>
<var name="${counter}">2</var>
<kw name="Format String" library="String">
<var>${title_xpath}</var>
<arg>${title_name}</arg>
<arg>name=${element}</arg>
<doc>Formats a ``template`` using the given ``positional`` and ``named`` arguments.</doc>
<msg timestamp="20241121 14:45:05.556" level="INFO">${title_xpath} = //div[@id="products-dd-tabpanel-1-inner-1"]//a[contains(@aria-label,"Automate")]/parent::div/parent::div/div[contains(@class,"bstack-mm-sub-nav-tabpanel-heading ")]/span</msg>
<status status="PASS" starttime="20241121 14:45:05.556" endtime="20241121 14:45:05.556"/>
</kw>
<kw name="Get Text" library="SeleniumLibrary">
<var>${title_value}</var>
<arg>${title_xpath}</arg>
<doc>Returns the text value of the element identified by ``locator``.</doc>
<msg timestamp="20241121 14:45:05.583" level="INFO">${title_value} = Test Automation</msg>
<status status="PASS" starttime="20241121 14:45:05.556" endtime="20241121 14:45:05.583"/>
</kw>
<kw name="Log" library="BuiltIn">
<arg>title ${title_value}</arg>
<doc>Logs the given message with the given level.</doc>
<msg timestamp="20241121 14:45:05.584" level="INFO">title Test Automation</msg>
<status status="PASS" starttime="20241121 14:45:05.584" endtime="20241121 14:45:05.584"/>
</kw>
<kw name="Format String" library="String">
<var>${formated_text_individual}</var>
<arg>${template_web_individual}</arg>
<arg>name=${element}</arg>
<arg>count=${counter}</arg>
<doc>Formats a ``template`` using the given ``positional`` and ``named`` arguments.</doc>
<msg timestamp="20241121 14:45:05.584" level="INFO">${formated_text_individual} = (//div[@id="products-dd-tabpanel-1-inner-1"]//a[contains(@aria-label,"Automate")]//span)[2]</msg>
<status status="PASS" starttime="20241121 14:45:05.584" endtime="20241121 14:45:05.584"/>
</kw>
<kw name="Get Element Attribute" library="SeleniumLibrary">
<var>${innerText}</var>
<arg>${formated_text_individual}</arg>
<arg>innerText</arg>
<doc>Returns the value of ``attribute`` from the element ``locator``.</doc>
<msg timestamp="20241121 14:45:05.598" level="INFO">${innerText} = Automate TurboScale</msg>
<status status="PASS" starttime="20241121 14:45:05.584" endtime="20241121 14:45:05.598"/>
</kw>
<kw name="Log" library="BuiltIn">
<arg>text :${innerText}</arg>
<doc>Logs the given message with the given level.</doc>
<msg timestamp="20241121 14:45:05.608" level="INFO">text :Automate TurboScale</msg>
<status status="PASS" starttime="20241121 14:45:05.598" endtime="20241121 14:45:05.608"/>
</kw>
<kw name="Append To List" library="Collections">
<arg>${web_output_list}</arg>
<arg>${innerText}</arg>
<doc>Adds ``values`` to the end of ``list``.</doc>
<status status="PASS" starttime="20241121 14:45:05.608" endtime="20241121 14:45:05.608"/>
</kw>
<if>
<branch type="IF" condition="$title_value in ${result_dict['web_testing']}">
<kw name="Get From Dictionary" library="Collections">
<var>${results_list}</var>
<arg>${result_dict['web_testing']}</arg>
<arg>${title_value}</arg>
<doc>Returns a value from the given ``dictionary`` based on the given ``key``.</doc>
<msg timestamp="20241121 14:45:05.608" level="INFO">${results_list} = ['Automate']</msg>
<status status="PASS" starttime="20241121 14:45:05.608" endtime="20241121 14:45:05.608"/>
</kw>
<kw name="Append To List" library="Collections">
<arg>${results_list}</arg>
<arg>${innerText}</arg>
<doc>Adds ``values`` to the end of ``list``.</doc>
<status status="PASS" starttime="20241121 14:45:05.608" endtime="20241121 14:45:05.608"/>
</kw>
<kw name="Set To Dictionary" library="Collections">
<arg>${result_dict['web_testing']}</arg>
<arg>${title_value}=${results_list}</arg>
<doc>Adds the given ``key_value_pairs`` and/or ``items`` to the ``dictionary``.</doc>
<status status="PASS" starttime="20241121 14:45:05.608" endtime="20241121 14:45:05.608"/>
</kw>
<status status="PASS" starttime="20241121 14:45:05.608" endtime="20241121 14:45:05.608"/>
</branch>
<branch type="ELSE">
<kw name="Create List" library="BuiltIn">
<var>${results_list}</var>
<doc>Returns a list containing given items.</doc>
<status status="NOT RUN" starttime="20241121 14:45:05.608" endtime="20241121 14:45:05.608"/>
</kw>
<kw name="Append To List" library="Collections">
<arg>${results_list}</arg>
<arg>${innerText}</arg>
<doc>Adds ``values`` to the end of ``list``.</doc>
<status status="NOT RUN" starttime="20241121 14:45:05.608" endtime="20241121 14:45:05.608"/>
</kw>
<kw name="Set To Dictionary" library="Collections">
<arg>${result_dict['web_testing']}</arg>
<arg>${title_value}=${results_list}</arg>
<doc>Adds the given ``key_value_pairs`` and/or ``items`` to the ``dictionary``.</doc>
<status status="NOT RUN" starttime="20241121 14:45:05.608" endtime="20241121 14:45:05.608"/>
</kw>
<status status="NOT RUN" starttime="20241121 14:45:05.608" endtime="20241121 14:45:05.608"/>
</branch>
<status status="PASS" starttime="20241121 14:45:05.608" endtime="20241121 14:45:05.608"/>
</if>
<status status="PASS" starttime="20241121 14:45:05.550" endtime="20241121 14:45:05.608"/>
</iter>
<status status="PASS" starttime="20241121 14:45:05.483" endtime="20241121 14:45:05.608"/>
</for>
<status status="PASS" starttime="20241121 14:45:05.464" endtime="20241121 14:45:05.608"/>
</iter>
<status status="PASS" starttime="20241121 14:45:05.191" endtime="20241121 14:45:05.608"/>
</for>
<kw name="Log" library="BuiltIn">
<arg>WebTesting-&gt;${web_output_list}</arg>
<doc>Logs the given message with the given level.</doc>
<msg timestamp="20241121 14:45:05.608" level="INFO">WebTesting-&gt;['Accessibility Testing', 'Test Management', 'Test Observability', 'Automate', 'Automate TurboScale']</msg>
<status status="PASS" starttime="20241121 14:45:05.608" endtime="20241121 14:45:05.608"/>
</kw>
<kw name="Log" library="BuiltIn">
<arg>final dict -&gt; ${result_dict}</arg>
<doc>Logs the given message with the given level.</doc>
<msg timestamp="20241121 14:45:05.608" level="INFO">final dict -&gt; {'web_testing': {'Manual Testing': ['Accessibility Testing', 'Test Management', 'Test Observability'], 'Test Automation': ['Automate', 'Automate TurboScale']}}</msg>
<status status="PASS" starttime="20241121 14:45:05.608" endtime="20241121 14:45:05.608"/>
</kw>
<status status="PASS" starttime="20241121 14:45:05.185" endtime="20241121 14:45:05.608"/>
</kw>
<status status="PASS" starttime="20241121 14:45:01.167" endtime="20241121 14:45:05.608"/>
</kw>
<kw name="app test">
<kw name="Create List" library="BuiltIn">
<var>${app_text}</var>
<arg>Test</arg>
<arg>Automate</arg>
<doc>Returns a list containing given items.</doc>
<msg timestamp="20241121 14:45:05.616" level="INFO">${app_text} = ['Test', 'Automate']</msg>
<status status="PASS" starttime="20241121 14:45:05.616" endtime="20241121 14:45:05.616"/>
</kw>
<kw name="Create List" library="BuiltIn">
<var>${app_output_list}</var>
<doc>Returns a list containing given items.</doc>
<msg timestamp="20241121 14:45:05.617" level="INFO">${app_output_list} = []</msg>
<status status="PASS" starttime="20241121 14:45:05.616" endtime="20241121 14:45:05.617"/>
</kw>
<for flavor="IN">
<var>${element}</var>
<value>@{app_text}</value>
<iter>
<var name="${element}">Test</var>
<kw name="Format String" library="String">
<var>${formated_text}</var>
<arg>${template_app}</arg>
<arg>name=${element}</arg>
<doc>Formats a ``template`` using the given ``positional`` and ``named`` arguments.</doc>
<msg timestamp="20241121 14:45:05.619" level="INFO">${formated_text} = //div[@id="products-dd-tabpanel-2-inner-1"]//a[contains(@aria-label,"Test")]//span</msg>
<status status="PASS" starttime="20241121 14:45:05.617" endtime="20241121 14:45:05.619"/>
</kw>
<kw name="Get Element Count" library="SeleniumLibrary">
<var>${count}</var>
<arg>${formated_text}</arg>
<doc>Returns the number of elements matching ``locator``.</doc>
<msg timestamp="20241121 14:45:05.633" level="INFO">${count} = 3</msg>
<status status="PASS" starttime="20241121 14:45:05.619" endtime="20241121 14:45:05.633"/>
</kw>
<for flavor="IN RANGE">
<var>${counter}</var>
<value>1</value>
<value>${count}+1</value>
<iter>
<var name="${counter}">1</var>
<kw name="Format String" library="String">
<var>${formated_text_individual}</var>
<arg>${template_app_individual}</arg>
<arg>name=${element}</arg>
<arg>count=${counter}</arg>
<doc>Formats a ``template`` using the given ``positional`` and ``named`` arguments.</doc>
<msg timestamp="20241121 14:45:05.641" level="INFO">${formated_text_individual} = (//div[@id="products-dd-tabpanel-2-inner-1"]//a[contains(@aria-label,"Test")]//span)[1]</msg>
<status status="PASS" starttime="20241121 14:45:05.640" endtime="20241121 14:45:05.641"/>
</kw>
<kw name="Get Element Attribute" library="SeleniumLibrary">
<var>${innerText}</var>
<arg>${formated_text_individual}</arg>
<arg>innerText</arg>
<doc>Returns the value of ``attribute`` from the element ``locator``.</doc>
<msg timestamp="20241121 14:45:05.676" level="INFO">${innerText} = App Accessibility Testing</msg>
<status status="PASS" starttime="20241121 14:45:05.641" endtime="20241121 14:45:05.676"/>
</kw>
<kw name="Log" library="BuiltIn">
<arg>text :${innerText}</arg>
<doc>Logs the given message with the given level.</doc>
<msg timestamp="20241121 14:45:05.676" level="INFO">text :App Accessibility Testing</msg>
<status status="PASS" starttime="20241121 14:45:05.676" endtime="20241121 14:45:05.676"/>
</kw>
<kw name="Append To List" library="Collections">
<arg>${app_output_list}</arg>
<arg>${innerText}</arg>
<doc>Adds ``values`` to the end of ``list``.</doc>
<status status="PASS" starttime="20241121 14:45:05.676" endtime="20241121 14:45:05.676"/>
</kw>
<status status="PASS" starttime="20241121 14:45:05.640" endtime="20241121 14:45:05.676"/>
</iter>
<iter>
<var name="${counter}">2</var>
<kw name="Format String" library="String">
<var>${formated_text_individual}</var>
<arg>${template_app_individual}</arg>
<arg>name=${element}</arg>
<arg>count=${counter}</arg>
<doc>Formats a ``template`` using the given ``positional`` and ``named`` arguments.</doc>
<msg timestamp="20241121 14:45:05.676" level="INFO">${formated_text_individual} = (//div[@id="products-dd-tabpanel-2-inner-1"]//a[contains(@aria-label,"Test")]//span)[2]</msg>
<status status="PASS" starttime="20241121 14:45:05.676" endtime="20241121 14:45:05.676"/>
</kw>
<kw name="Get Element Attribute" library="SeleniumLibrary">
<var>${innerText}</var>
<arg>${formated_text_individual}</arg>
<arg>innerText</arg>
<doc>Returns the value of ``attribute`` from the element ``locator``.</doc>
<msg timestamp="20241121 14:45:05.705" level="INFO">${innerText} = Test Management</msg>
<status status="PASS" starttime="20241121 14:45:05.676" endtime="20241121 14:45:05.705"/>
</kw>
<kw name="Log" library="BuiltIn">
<arg>text :${innerText}</arg>
<doc>Logs the given message with the given level.</doc>
<msg timestamp="20241121 14:45:05.705" level="INFO">text :Test Management</msg>
<status status="PASS" starttime="20241121 14:45:05.705" endtime="20241121 14:45:05.705"/>
</kw>
<kw name="Append To List" library="Collections">
<arg>${app_output_list}</arg>
<arg>${innerText}</arg>
<doc>Adds ``values`` to the end of ``list``.</doc>
<status status="PASS" starttime="20241121 14:45:05.705" endtime="20241121 14:45:05.705"/>
</kw>
<status status="PASS" starttime="20241121 14:45:05.676" endtime="20241121 14:45:05.705"/>
</iter>
<iter>
<var name="${counter}">3</var>
<kw name="Format String" library="String">
<var>${formated_text_individual}</var>
<arg>${template_app_individual}</arg>
<arg>name=${element}</arg>
<arg>count=${counter}</arg>
<doc>Formats a ``template`` using the given ``positional`` and ``named`` arguments.</doc>
<msg timestamp="20241121 14:45:05.705" level="INFO">${formated_text_individual} = (//div[@id="products-dd-tabpanel-2-inner-1"]//a[contains(@aria-label,"Test")]//span)[3]</msg>
<status status="PASS" starttime="20241121 14:45:05.705" endtime="20241121 14:45:05.705"/>
</kw>
<kw name="Get Element Attribute" library="SeleniumLibrary">
<var>${innerText}</var>
<arg>${formated_text_individual}</arg>
<arg>innerText</arg>
<doc>Returns the value of ``attribute`` from the element ``locator``.</doc>
<msg timestamp="20241121 14:45:05.740" level="INFO">${innerText} = Test Observability</msg>
<status status="PASS" starttime="20241121 14:45:05.705" endtime="20241121 14:45:05.741"/>
</kw>
<kw name="Log" library="BuiltIn">
<arg>text :${innerText}</arg>
<doc>Logs the given message with the given level.</doc>
<msg timestamp="20241121 14:45:05.741" level="INFO">text :Test Observability</msg>
<status status="PASS" starttime="20241121 14:45:05.741" endtime="20241121 14:45:05.741"/>
</kw>
<kw name="Append To List" library="Collections">
<arg>${app_output_list}</arg>
<arg>${innerText}</arg>
<doc>Adds ``values`` to the end of ``list``.</doc>
<status status="PASS" starttime="20241121 14:45:05.741" endtime="20241121 14:45:05.742"/>
</kw>
<status status="PASS" starttime="20241121 14:45:05.705" endtime="20241121 14:45:05.742"/>
</iter>
<status status="PASS" starttime="20241121 14:45:05.640" endtime="20241121 14:45:05.742"/>
</for>
<status status="PASS" starttime="20241121 14:45:05.617" endtime="20241121 14:45:05.742"/>
</iter>
<iter>
<var name="${element}">Automate</var>
<kw name="Format String" library="String">
<var>${formated_text}</var>
<arg>${template_app}</arg>
<arg>name=${element}</arg>
<doc>Formats a ``template`` using the given ``positional`` and ``named`` arguments.</doc>
<msg timestamp="20241121 14:45:05.744" level="INFO">${formated_text} = //div[@id="products-dd-tabpanel-2-inner-1"]//a[contains(@aria-label,"Automate")]//span</msg>
<status status="PASS" starttime="20241121 14:45:05.743" endtime="20241121 14:45:05.744"/>
</kw>
<kw name="Get Element Count" library="SeleniumLibrary">
<var>${count}</var>
<arg>${formated_text}</arg>
<doc>Returns the number of elements matching ``locator``.</doc>
<msg timestamp="20241121 14:45:05.761" level="INFO">${count} = 1</msg>
<status status="PASS" starttime="20241121 14:45:05.744" endtime="20241121 14:45:05.761"/>
</kw>
<for flavor="IN RANGE">
<var>${counter}</var>
<value>1</value>
<value>${count}+1</value>
<iter>
<var name="${counter}">1</var>
<kw name="Format String" library="String">
<var>${formated_text_individual}</var>
<arg>${template_app_individual}</arg>
<arg>name=${element}</arg>
<arg>count=${counter}</arg>
<doc>Formats a ``template`` using the given ``positional`` and ``named`` arguments.</doc>
<msg timestamp="20241121 14:45:05.764" level="INFO">${formated_text_individual} = (//div[@id="products-dd-tabpanel-2-inner-1"]//a[contains(@aria-label,"Automate")]//span)[1]</msg>
<status status="PASS" starttime="20241121 14:45:05.762" endtime="20241121 14:45:05.764"/>
</kw>
<kw name="Get Element Attribute" library="SeleniumLibrary">
<var>${innerText}</var>
<arg>${formated_text_individual}</arg>
<arg>innerText</arg>
<doc>Returns the value of ``attribute`` from the element ``locator``.</doc>
<msg timestamp="20241121 14:45:05.797" level="INFO">${innerText} = App Automate</msg>
<status status="PASS" starttime="20241121 14:45:05.764" endtime="20241121 14:45:05.797"/>
</kw>
<kw name="Log" library="BuiltIn">
<arg>text :${innerText}</arg>
<doc>Logs the given message with the given level.</doc>
<msg timestamp="20241121 14:45:05.797" level="INFO">text :App Automate</msg>
<status status="PASS" starttime="20241121 14:45:05.797" endtime="20241121 14:45:05.797"/>
</kw>
<kw name="Append To List" library="Collections">
<arg>${app_output_list}</arg>
<arg>${innerText}</arg>
<doc>Adds ``values`` to the end of ``list``.</doc>
<status status="PASS" starttime="20241121 14:45:05.797" endtime="20241121 14:45:05.797"/>
</kw>
<status status="PASS" starttime="20241121 14:45:05.762" endtime="20241121 14:45:05.797"/>
</iter>
<status status="PASS" starttime="20241121 14:45:05.761" endtime="20241121 14:45:05.797"/>
</for>
<status status="PASS" starttime="20241121 14:45:05.742" endtime="20241121 14:45:05.797"/>
</iter>
<status status="PASS" starttime="20241121 14:45:05.617" endtime="20241121 14:45:05.797"/>
</for>
<kw name="Log" library="BuiltIn">
<arg>AppTesting-&gt;${app_text}</arg>
<doc>Logs the given message with the given level.</doc>
<msg timestamp="20241121 14:45:05.797" level="INFO">AppTesting-&gt;['Test', 'Automate']</msg>
<status status="PASS" starttime="20241121 14:45:05.797" endtime="20241121 14:45:05.797"/>
</kw>
<status status="PASS" starttime="20241121 14:45:05.616" endtime="20241121 14:45:05.797"/>
</kw>
<status status="PASS" starttime="20241121 14:45:01.167" endtime="20241121 14:45:05.797"/>
</test>
<status status="PASS" starttime="20241121 14:45:00.855" endtime="20241121 14:45:05.797"/>
</suite>
<statistics>
<total>
<stat pass="1" fail="0" skip="0">All Tests</stat>
</total>
<tag>
</tag>
<suite>
<stat pass="1" fail="0" skip="0" id="s1" name="Browserstck">Browserstck</stat>
</suite>
</statistics>
<errors>
</errors>
</robot>
